0 info it worked if it ends with ok
1 verbose cli [ 'node', '/usr/local/bin/npm', 'install', 'bower' ]
2 info using npm@2.7.4
3 info using node@v0.12.2
4 verbose install bower is installed as 1.4.1
5 silly cache add args [ 'bower', null ]
6 verbose cache add spec bower
7 silly cache add parsed spec { raw: 'bower',
7 silly cache add   scope: null,
7 silly cache add   name: 'bower',
7 silly cache add   rawSpec: '',
7 silly cache add   spec: '*',
7 silly cache add   type: 'range' }
8 verbose addNamed bower@*
9 silly addNamed semver.valid null
10 silly addNamed semver.validRange *
11 silly addNameRange { name: 'bower', range: '*', hasData: false }
12 silly mapToRegistry name bower
13 silly mapToRegistry using default registry
14 silly mapToRegistry registry https://registry.npmjs.org/
15 silly mapToRegistry uri https://registry.npmjs.org/bower
16 verbose addNameRange registry:https://registry.npmjs.org/bower not in flight; fetching
17 verbose request uri https://registry.npmjs.org/bower
18 verbose request no auth needed
19 info attempt registry request try #1 at 11:26:04 AM
20 verbose request id 5cae9f31b250730d
21 verbose etag "5AW547GPJSR87UBA0CE13X8S0"
22 http request GET https://registry.npmjs.org/bower
23 http 304 https://registry.npmjs.org/bower
24 silly get cb [ 304,
24 silly get   { date: 'Thu, 30 Apr 2015 17:26:05 GMT',
24 silly get     server: 'Apache',
24 silly get     via: '1.1 varnish',
24 silly get     'last-modified': 'Thu, 30 Apr 2015 17:26:05 GMT',
24 silly get     'cache-control': 'max-age=60',
24 silly get     etag: '"5AW547GPJSR87UBA0CE13X8S0"',
24 silly get     age: '21',
24 silly get     'x-served-by': 'cache-lax1423-LAX',
24 silly get     'x-cache': 'HIT',
24 silly get     'x-cache-hits': '1',
24 silly get     'x-timer': 'S1430414765.160158,VS0,VE0',
24 silly get     vary: 'Accept',
24 silly get     'content-length': '0',
24 silly get     'keep-alive': 'timeout=10, max=50',
24 silly get     connection: 'Keep-Alive' } ]
25 verbose etag https://registry.npmjs.org/bower from cache
26 verbose get saving bower to /Users/lyndseearmstrong/.npm/registry.npmjs.org/bower/.cache.json
27 silly addNameRange number 2 { name: 'bower', range: '*', hasData: true }
28 silly addNameRange versions [ 'bower',
28 silly addNameRange   [ '0.1.0',
28 silly addNameRange     '0.1.2',
28 silly addNameRange     '0.1.3',
28 silly addNameRange     '0.2.0',
28 silly addNameRange     '0.3.0',
28 silly addNameRange     '0.3.1',
28 silly addNameRange     '0.3.2',
28 silly addNameRange     '0.4.0',
28 silly addNameRange     '0.5.0',
28 silly addNameRange     '0.5.1',
28 silly addNameRange     '0.6.0',
28 silly addNameRange     '0.6.1',
28 silly addNameRange     '0.6.2',
28 silly addNameRange     '0.6.3',
28 silly addNameRange     '0.6.4',
28 silly addNameRange     '0.6.5',
28 silly addNameRange     '0.6.6',
28 silly addNameRange     '0.6.7',
28 silly addNameRange     '0.6.8',
28 silly addNameRange     '0.7.0',
28 silly addNameRange     '0.7.1',
28 silly addNameRange     '0.8.0',
28 silly addNameRange     '0.8.1',
28 silly addNameRange     '0.8.2',
28 silly addNameRange     '0.8.3',
28 silly addNameRange     '0.8.4',
28 silly addNameRange     '0.8.5',
28 silly addNameRange     '0.8.6',
28 silly addNameRange     '0.9.0',
28 silly addNameRange     '0.9.1',
28 silly addNameRange     '0.9.2',
28 silly addNameRange     '0.10.0',
28 silly addNameRange     '1.0.0',
28 silly addNameRange     '1.0.1',
28 silly addNameRange     '1.0.2',
28 silly addNameRange     '1.0.3',
28 silly addNameRange     '1.1.0',
28 silly addNameRange     '1.1.1',
28 silly addNameRange     '1.1.2',
28 silly addNameRange     '1.2.0',
28 silly addNameRange     '1.2.1',
28 silly addNameRange     '1.2.2',
28 silly addNameRange     '1.2.3',
28 silly addNameRange     '1.2.4',
28 silly addNameRange     '1.2.5',
28 silly addNameRange     '1.2.6',
28 silly addNameRange     '1.2.7',
28 silly addNameRange     '1.2.8',
28 silly addNameRange     '1.3.0',
28 silly addNameRange     '1.3.1',
28 silly addNameRange     '1.3.2',
28 silly addNameRange     '1.3.3',
28 silly addNameRange     '1.3.4',
28 silly addNameRange     '1.3.5',
28 silly addNameRange     '1.3.6',
28 silly addNameRange     '1.3.7',
28 silly addNameRange     '1.3.8',
28 silly addNameRange     '1.3.9',
28 silly addNameRange     '1.3.10',
28 silly addNameRange     '1.3.11',
28 silly addNameRange     '1.3.12',
28 silly addNameRange     '1.4.0',
28 silly addNameRange     '1.4.1' ] ]
29 verbose addNamed bower@1.4.1
30 silly addNamed semver.valid 1.4.1
31 silly addNamed semver.validRange 1.4.1
32 silly cache afterAdd bower@1.4.1
33 verbose afterAdd /Users/lyndseearmstrong/.npm/bower/1.4.1/package/package.json not in flight; writing
34 verbose afterAdd /Users/lyndseearmstrong/.npm/bower/1.4.1/package/package.json written
35 silly install resolved [ { name: 'bower',
35 silly install resolved     version: '1.4.1',
35 silly install resolved     description: 'The browser package manager',
35 silly install resolved     author: { name: 'Twitter' },
35 silly install resolved     licenses: [ [Object] ],
35 silly install resolved     repository: { type: 'git', url: 'https://github.com/bower/bower' },
35 silly install resolved     main: 'lib',
35 silly install resolved     homepage: 'http://bower.io',
35 silly install resolved     engines: { node: '>=0.10.0' },
35 silly install resolved     dependencies:
35 silly install resolved      { abbrev: '^1.0.5',
35 silly install resolved        archy: '1.0.0',
35 silly install resolved        'bower-config': '^0.6.1',
35 silly install resolved        'bower-endpoint-parser': '^0.2.2',
35 silly install resolved        'bower-json': '^0.4.0',
35 silly install resolved        'bower-logger': '^0.2.2',
35 silly install resolved        'bower-registry-client': '^0.3.0',
35 silly install resolved        cardinal: '0.4.4',
35 silly install resolved        chalk: '^1.0.0',
35 silly install resolved        chmodr: '0.1.0',
35 silly install resolved        configstore: '^0.3.2',
35 silly install resolved        'decompress-zip': '^0.1.0',
35 silly install resolved        fstream: '^1.0.3',
35 silly install resolved        'fstream-ignore': '^1.0.2',
35 silly install resolved        github: '^0.2.3',
35 silly install resolved        glob: '^4.3.2',
35 silly install resolved        'graceful-fs': '^3.0.5',
35 silly install resolved        handlebars: '^2.0.0',
35 silly install resolved        inquirer: '0.8.0',
35 silly install resolved        insight: '^0.5.0',
35 silly install resolved        'is-root': '^1.0.0',
35 silly install resolved        junk: '^1.0.0',
35 silly install resolved        lockfile: '^1.0.0',
35 silly install resolved        'lru-cache': '^2.5.0',
35 silly install resolved        mkdirp: '0.5.0',
35 silly install resolved        mout: '^0.11.0',
35 silly install resolved        nopt: '^3.0.1',
35 silly install resolved        opn: '^1.0.1',
35 silly install resolved        'p-throttler': '0.1.1',
35 silly install resolved        promptly: '0.2.0',
35 silly install resolved        q: '^1.1.2',
35 silly install resolved        request: '2.53.0',
35 silly install resolved        'request-progress': '0.3.1',
35 silly install resolved        retry: '0.6.1',
35 silly install resolved        rimraf: '^2.2.8',
35 silly install resolved        semver: '^2.3.0',
35 silly install resolved        'shell-quote': '^1.4.2',
35 silly install resolved        'stringify-object': '^1.0.0',
35 silly install resolved        'tar-fs': '^1.4.1',
35 silly install resolved        tmp: '0.0.24',
35 silly install resolved        'update-notifier': '^0.3.0',
35 silly install resolved        'user-home': '^1.1.0',
35 silly install resolved        which: '^1.0.8' },
35 silly install resolved     devDependencies:
35 silly install resolved      { chai: '^1.10.0',
35 silly install resolved        coveralls: '^2.11.2',
35 silly install resolved        'expect.js': '^0.3.1',
35 silly install resolved        grunt: '^0.4.5',
35 silly install resolved        'grunt-cli': '^0.1.13',
35 silly install resolved        'grunt-contrib-jshint': '^0.10.0',
35 silly install resolved        'grunt-contrib-watch': '^0.6.1',
35 silly install resolved        'grunt-exec': '^0.4.6',
35 silly install resolved        'grunt-simple-mocha': '^0.4.0',
35 silly install resolved        istanbul: '^0.3.5',
35 silly install resolved        'load-grunt-tasks': '^2.0.0',
35 silly install resolved        mocha: '^2.1.0',
35 silly install resolved        multiline: '^1.0.2',
35 silly install resolved        nock: '^0.56.0',
35 silly install resolved        'node-uuid': '^1.4.2',
35 silly install resolved        proxyquire: '^1.3.0',
35 silly install resolved        'spawn-sync': '^1.0.5' },
35 silly install resolved     scripts: { test: 'grunt test' },
35 silly install resolved     bin: { bower: 'bin/bower' },
35 silly install resolved     preferGlobal: true,
35 silly install resolved     gitHead: 'a1287416d40f944d58cb8f2e774e2076bfffd32f',
35 silly install resolved     bugs: { url: 'https://github.com/bower/bower/issues' },
35 silly install resolved     _id: 'bower@1.4.1',
35 silly install resolved     _shasum: 'a18be39d030792754f30f1c5b32d37b0156ba8dd',
35 silly install resolved     _from: 'bower@*',
35 silly install resolved     _npmVersion: '2.7.4',
35 silly install resolved     _nodeVersion: '0.12.0',
35 silly install resolved     _npmUser: { name: 'sheerun', email: 'sheerun@sher.pl' },
35 silly install resolved     maintainers: [ [Object], [Object], [Object], [Object], [Object], [Object] ],
35 silly install resolved     dist:
35 silly install resolved      { shasum: 'a18be39d030792754f30f1c5b32d37b0156ba8dd',
35 silly install resolved        tarball: 'http://registry.npmjs.org/bower/-/bower-1.4.1.tgz' },
35 silly install resolved     directories: {},
35 silly install resolved     _resolved: 'https://registry.npmjs.org/bower/-/bower-1.4.1.tgz',
35 silly install resolved     readme: 'ERROR: No README data found!' } ]
36 info install bower@1.4.1 into /Users/lyndseearmstrong/dev/leedr/frontend
37 info installOne bower@1.4.1
38 verbose installOne of bower to /Users/lyndseearmstrong/dev/leedr/frontend not in flight; installing
39 verbose lock using /Users/lyndseearmstrong/.npm/_locks/bower-aec3bd8ac8a69537.lock for /Users/lyndseearmstrong/dev/leedr/frontend/node_modules/bower
40 silly install write writing bower 1.4.1 to /Users/lyndseearmstrong/dev/leedr/frontend/node_modules/bower
41 silly cache addNamed cb bower@1.4.1
42 verbose unbuild node_modules/bower
43 info preuninstall bower@1.4.1
44 info uninstall bower@1.4.1
45 verbose unbuild rmStuff bower@1.4.1 from /Users/lyndseearmstrong/dev/leedr/frontend/node_modules
46 silly gentlyRm /Users/lyndseearmstrong/dev/leedr/frontend/node_modules/.bin/bower is being gently removed
47 silly gentlyRm verifying /Users/lyndseearmstrong/dev/leedr/frontend is an npm working directory
48 silly gentlyRm containing path /Users/lyndseearmstrong/dev/leedr/frontend is under npm's control, in /Users/lyndseearmstrong/dev/leedr/frontend
49 silly gentlyRm deletion target /Users/lyndseearmstrong/dev/leedr/frontend/node_modules/.bin/bower is under /Users/lyndseearmstrong/dev/leedr/frontend
50 verbose gentlyRm vacuuming from /Users/lyndseearmstrong/dev/leedr/frontend/node_modules/.bin/bower up to /Users/lyndseearmstrong/dev/leedr/frontend
51 silly vacuum-fs removing /Users/lyndseearmstrong/dev/leedr/frontend/node_modules/.bin/bower
52 verbose unlock done using /Users/lyndseearmstrong/.npm/_locks/bower-aec3bd8ac8a69537.lock for /Users/lyndseearmstrong/dev/leedr/frontend/node_modules/bower
53 verbose stack Error: EACCES, unlink '/Users/lyndseearmstrong/dev/leedr/frontend/node_modules/.bin/bower'
53 verbose stack     at Error (native)
54 verbose cwd /Users/lyndseearmstrong/dev/leedr/frontend/app
55 error Darwin 14.4.0
56 error argv "node" "/usr/local/bin/npm" "install" "bower"
57 error node v0.12.2
58 error npm  v2.7.4
59 error path /Users/lyndseearmstrong/dev/leedr/frontend/node_modules/.bin/bower
60 error code EACCES
61 error errno -13
62 error Error: EACCES, unlink '/Users/lyndseearmstrong/dev/leedr/frontend/node_modules/.bin/bower'
62 error     at Error (native)
62 error  { [Error: EACCES, unlink '/Users/lyndseearmstrong/dev/leedr/frontend/node_modules/.bin/bower']
62 error   errno: -13,
62 error   code: 'EACCES',
62 error   path: '/Users/lyndseearmstrong/dev/leedr/frontend/node_modules/.bin/bower' }
63 error Please try running this command again as root/Administrator.
64 verbose exit [ -13, true ]
65 verbose unbuild node_modules/bower
66 info preuninstall bower@1.4.1
67 info uninstall bower@1.4.1
68 verbose unbuild rmStuff bower@1.4.1 from /Users/lyndseearmstrong/dev/leedr/frontend/node_modules
69 silly gentlyRm /Users/lyndseearmstrong/dev/leedr/frontend/node_modules/.bin/bower is being gently removed
70 silly gentlyRm verifying /Users/lyndseearmstrong/dev/leedr/frontend is an npm working directory
71 silly gentlyRm containing path /Users/lyndseearmstrong/dev/leedr/frontend is under npm's control, in /Users/lyndseearmstrong/dev/leedr/frontend
72 silly gentlyRm deletion target /Users/lyndseearmstrong/dev/leedr/frontend/node_modules/.bin/bower is under /Users/lyndseearmstrong/dev/leedr/frontend
73 verbose gentlyRm vacuuming from /Users/lyndseearmstrong/dev/leedr/frontend/node_modules/.bin/bower up to /Users/lyndseearmstrong/dev/leedr/frontend
74 silly vacuum-fs removing /Users/lyndseearmstrong/dev/leedr/frontend/node_modules/.bin/bower
75 error error rolling back Error: EACCES, unlink '/Users/lyndseearmstrong/dev/leedr/frontend/node_modules/.bin/bower'
75 error error rolling back     at Error (native)
75 error error rolling back  { [Error: EACCES, unlink '/Users/lyndseearmstrong/dev/leedr/frontend/node_modules/.bin/bower']
75 error error rolling back   errno: -13,
75 error error rolling back   code: 'EACCES',
75 error error rolling back   path: '/Users/lyndseearmstrong/dev/leedr/frontend/node_modules/.bin/bower' }
